[2023-03-07T17:20:42.373+0000] {processor.py:153} INFO - Started process (PID=9493) to work on /opt/airflow/dags/load_warehouse_dag.py
[2023-03-07T17:20:42.374+0000] {processor.py:743} INFO - Processing file /opt/airflow/dags/load_warehouse_dag.py for tasks to queue
[2023-03-07T17:20:42.377+0000] {logging_mixin.py:137} INFO - [2023-03-07T17:20:42.376+0000] {dagbag.py:538} INFO - Filling up the DagBag from /opt/airflow/dags/load_warehouse_dag.py
[2023-03-07T17:20:42.450+0000] {processor.py:753} INFO - DAG(s) dict_keys(['load_warehouse']) retrieved from /opt/airflow/dags/load_warehouse_dag.py
[2023-03-07T17:20:42.537+0000] {logging_mixin.py:137} INFO - [2023-03-07T17:20:42.536+0000] {dag.py:2690} INFO - Sync 1 DAGs
[2023-03-07T17:20:42.572+0000] {logging_mixin.py:137} INFO - [2023-03-07T17:20:42.571+0000] {dag.py:3441} INFO - Setting next_dagrun for load_warehouse to 2023-03-07T18:00:00+00:00, run_after=2023-03-07T19:00:00+00:00
[2023-03-07T17:20:42.600+0000] {processor.py:175} INFO - Processing /opt/airflow/dags/load_warehouse_dag.py took 0.233 seconds
[2023-03-07T17:21:12.785+0000] {processor.py:153} INFO - Started process (PID=9520) to work on /opt/airflow/dags/load_warehouse_dag.py
[2023-03-07T17:21:12.793+0000] {processor.py:743} INFO - Processing file /opt/airflow/dags/load_warehouse_dag.py for tasks to queue
[2023-03-07T17:21:12.795+0000] {logging_mixin.py:137} INFO - [2023-03-07T17:21:12.794+0000] {dagbag.py:538} INFO - Filling up the DagBag from /opt/airflow/dags/load_warehouse_dag.py
[2023-03-07T17:21:12.854+0000] {processor.py:753} INFO - DAG(s) dict_keys(['load_warehouse']) retrieved from /opt/airflow/dags/load_warehouse_dag.py
[2023-03-07T17:21:12.918+0000] {logging_mixin.py:137} INFO - [2023-03-07T17:21:12.918+0000] {dag.py:2690} INFO - Sync 1 DAGs
[2023-03-07T17:21:12.944+0000] {logging_mixin.py:137} INFO - [2023-03-07T17:21:12.944+0000] {dag.py:3441} INFO - Setting next_dagrun for load_warehouse to 2023-03-07T18:00:00+00:00, run_after=2023-03-07T19:00:00+00:00
[2023-03-07T17:21:12.972+0000] {processor.py:175} INFO - Processing /opt/airflow/dags/load_warehouse_dag.py took 0.191 seconds
[2023-03-07T17:21:43.145+0000] {processor.py:153} INFO - Started process (PID=9558) to work on /opt/airflow/dags/load_warehouse_dag.py
[2023-03-07T17:21:43.147+0000] {processor.py:743} INFO - Processing file /opt/airflow/dags/load_warehouse_dag.py for tasks to queue
[2023-03-07T17:21:43.149+0000] {logging_mixin.py:137} INFO - [2023-03-07T17:21:43.149+0000] {dagbag.py:538} INFO - Filling up the DagBag from /opt/airflow/dags/load_warehouse_dag.py
[2023-03-07T17:21:43.207+0000] {processor.py:753} INFO - DAG(s) dict_keys(['load_warehouse']) retrieved from /opt/airflow/dags/load_warehouse_dag.py
[2023-03-07T17:21:43.274+0000] {logging_mixin.py:137} INFO - [2023-03-07T17:21:43.274+0000] {dag.py:2690} INFO - Sync 1 DAGs
[2023-03-07T17:21:43.300+0000] {logging_mixin.py:137} INFO - [2023-03-07T17:21:43.300+0000] {dag.py:3441} INFO - Setting next_dagrun for load_warehouse to 2023-03-07T18:00:00+00:00, run_after=2023-03-07T19:00:00+00:00
[2023-03-07T17:21:43.330+0000] {processor.py:175} INFO - Processing /opt/airflow/dags/load_warehouse_dag.py took 0.188 seconds
[2023-03-07T17:22:13.498+0000] {processor.py:153} INFO - Started process (PID=9584) to work on /opt/airflow/dags/load_warehouse_dag.py
[2023-03-07T17:22:13.505+0000] {processor.py:743} INFO - Processing file /opt/airflow/dags/load_warehouse_dag.py for tasks to queue
[2023-03-07T17:22:13.507+0000] {logging_mixin.py:137} INFO - [2023-03-07T17:22:13.507+0000] {dagbag.py:538} INFO - Filling up the DagBag from /opt/airflow/dags/load_warehouse_dag.py
[2023-03-07T17:22:13.565+0000] {processor.py:753} INFO - DAG(s) dict_keys(['load_warehouse']) retrieved from /opt/airflow/dags/load_warehouse_dag.py
[2023-03-07T17:22:13.633+0000] {logging_mixin.py:137} INFO - [2023-03-07T17:22:13.633+0000] {dag.py:2690} INFO - Sync 1 DAGs
[2023-03-07T17:22:13.660+0000] {logging_mixin.py:137} INFO - [2023-03-07T17:22:13.660+0000] {dag.py:3441} INFO - Setting next_dagrun for load_warehouse to 2023-03-07T18:00:00+00:00, run_after=2023-03-07T19:00:00+00:00
[2023-03-07T17:22:13.689+0000] {processor.py:175} INFO - Processing /opt/airflow/dags/load_warehouse_dag.py took 0.196 seconds
[2023-03-07T17:22:43.862+0000] {processor.py:153} INFO - Started process (PID=9624) to work on /opt/airflow/dags/load_warehouse_dag.py
[2023-03-07T17:22:43.864+0000] {processor.py:743} INFO - Processing file /opt/airflow/dags/load_warehouse_dag.py for tasks to queue
[2023-03-07T17:22:43.866+0000] {logging_mixin.py:137} INFO - [2023-03-07T17:22:43.865+0000] {dagbag.py:538} INFO - Filling up the DagBag from /opt/airflow/dags/load_warehouse_dag.py
[2023-03-07T17:22:43.926+0000] {processor.py:753} INFO - DAG(s) dict_keys(['load_warehouse']) retrieved from /opt/airflow/dags/load_warehouse_dag.py
[2023-03-07T17:22:43.994+0000] {logging_mixin.py:137} INFO - [2023-03-07T17:22:43.994+0000] {dag.py:2690} INFO - Sync 1 DAGs
[2023-03-07T17:22:44.019+0000] {logging_mixin.py:137} INFO - [2023-03-07T17:22:44.019+0000] {dag.py:3441} INFO - Setting next_dagrun for load_warehouse to 2023-03-07T18:00:00+00:00, run_after=2023-03-07T19:00:00+00:00
[2023-03-07T17:22:44.040+0000] {processor.py:175} INFO - Processing /opt/airflow/dags/load_warehouse_dag.py took 0.183 seconds
[2023-03-07T17:23:14.207+0000] {processor.py:153} INFO - Started process (PID=9651) to work on /opt/airflow/dags/load_warehouse_dag.py
[2023-03-07T17:23:14.209+0000] {processor.py:743} INFO - Processing file /opt/airflow/dags/load_warehouse_dag.py for tasks to queue
[2023-03-07T17:23:14.211+0000] {logging_mixin.py:137} INFO - [2023-03-07T17:23:14.211+0000] {dagbag.py:538} INFO - Filling up the DagBag from /opt/airflow/dags/load_warehouse_dag.py
[2023-03-07T17:23:14.274+0000] {processor.py:753} INFO - DAG(s) dict_keys(['load_warehouse']) retrieved from /opt/airflow/dags/load_warehouse_dag.py
[2023-03-07T17:23:14.347+0000] {logging_mixin.py:137} INFO - [2023-03-07T17:23:14.347+0000] {dag.py:2690} INFO - Sync 1 DAGs
[2023-03-07T17:23:14.375+0000] {logging_mixin.py:137} INFO - [2023-03-07T17:23:14.375+0000] {dag.py:3441} INFO - Setting next_dagrun for load_warehouse to 2023-03-07T18:00:00+00:00, run_after=2023-03-07T19:00:00+00:00
[2023-03-07T17:23:14.401+0000] {processor.py:175} INFO - Processing /opt/airflow/dags/load_warehouse_dag.py took 0.198 seconds
[2023-03-07T17:23:44.563+0000] {processor.py:153} INFO - Started process (PID=9689) to work on /opt/airflow/dags/load_warehouse_dag.py
[2023-03-07T17:23:44.564+0000] {processor.py:743} INFO - Processing file /opt/airflow/dags/load_warehouse_dag.py for tasks to queue
[2023-03-07T17:23:44.566+0000] {logging_mixin.py:137} INFO - [2023-03-07T17:23:44.566+0000] {dagbag.py:538} INFO - Filling up the DagBag from /opt/airflow/dags/load_warehouse_dag.py
[2023-03-07T17:23:44.626+0000] {processor.py:753} INFO - DAG(s) dict_keys(['load_warehouse']) retrieved from /opt/airflow/dags/load_warehouse_dag.py
[2023-03-07T17:23:44.691+0000] {logging_mixin.py:137} INFO - [2023-03-07T17:23:44.691+0000] {dag.py:2690} INFO - Sync 1 DAGs
[2023-03-07T17:23:44.718+0000] {logging_mixin.py:137} INFO - [2023-03-07T17:23:44.718+0000] {dag.py:3441} INFO - Setting next_dagrun for load_warehouse to 2023-03-07T18:00:00+00:00, run_after=2023-03-07T19:00:00+00:00
[2023-03-07T17:23:44.746+0000] {processor.py:175} INFO - Processing /opt/airflow/dags/load_warehouse_dag.py took 0.188 seconds
